<?xml version="1.0" encoding="UTF-8"?>
<!-- Generated by org.testng.reporters.JUnitReportReporter -->
<testsuite hostname="LAPTOP-IVSO33ML" failures="0" tests="1" name="testPackage1.test1" time="0.005" errors="0" timestamp="2024-07-13T16:28:45 IST" skipped="0">
  <testcase classname="testPackage1.test1" name="cricket" time="0.005"/>
</testsuite> <!-- testPackage1.test1 -->
